<?xml version="1.0" encoding="UTF-8"?>
<testng-results ignored="0" total="2" passed="2" failed="0" skipped="0">
  <reporter-output>
  </reporter-output>
  <suite started-at="2023-01-07T19:59:44 IST" name="Default suite" finished-at="2023-01-07T19:59:44 IST" duration-ms="28">
    <groups>
    </groups>
    <test started-at="2023-01-07T19:59:44 IST" name="Default test" finished-at="2023-01-07T19:59:44 IST" duration-ms="28">
      <class name="day28.Demo1">
        <test-method signature="test1()[pri:0, instance:day28.Demo1@2e4b8173]" started-at="2023-01-07T19:59:44 IST" name="test1" finished-at="2023-01-07T19:59:44 IST" duration-ms="6" status="PASS">
          <reporter-output>
          </reporter-output>
        </test-method> <!-- test1 -->
        <test-method signature="testB()[pri:0, instance:day28.Demo1@2e4b8173]" started-at="2023-01-07T19:59:44 IST" name="testB" finished-at="2023-01-07T19:59:44 IST" duration-ms="1" status="PASS">
          <reporter-output>
          </reporter-output>
        </test-method> <!-- testB -->
      </class> <!-- day28.Demo1 -->
    </test> <!-- Default test -->
  </suite> <!-- Default suite -->
</testng-results>
